2024-11-14 10:26:53 Info: [WORKER PID: 2480][email] - starting to process background jobs...
2024-11-14 10:26:53 Info: [WORKER PID: 2475][default] - starting to process background jobs...
2024-11-14 10:26:53 Info: [WORKER PID: 2477][default] - starting to process background jobs...
2024-11-14 10:26:53 Info: [WORKER PID: 2518][cache] - starting to process background jobs...
2024-11-14 10:26:53 Info: [WORKER PID: 2496][email] - starting to process background jobs...
2024-11-14 10:26:53 Info: [WORKER PID: 2529][cache] - starting to process background jobs...
2024-11-14 10:26:53 Info: [WORKER PID: 2474][default] - starting to process background jobs...
2024-11-14 10:26:53 Info: [WORKER PID: 2472][default] - starting to process background jobs...
2024-11-14 10:26:53 Info: [WORKER PID: 2542][cache] - starting to process background jobs...
2024-11-14 10:26:53 Info: [WORKER PID: 2473][default] - starting to process background jobs...
2024-11-14 10:26:53 Info: [WORKER PID: 2488][email] - starting to process background jobs...
2024-11-14 10:26:53 Info: [WORKER PID: 2513][email] - starting to process background jobs...
2024-11-14 10:26:53 Info: [WORKER PID: 2524][cache] - starting to process background jobs...
2024-11-14 10:26:53 Info: [WORKER PID: 2599][update] - starting to process background jobs...
2024-11-14 10:26:53 Info: [WORKER PID: 2506][email] - starting to process background jobs...
2024-11-14 10:26:53 Info: [WORKER PID: 2571][prio] - starting to process background jobs...
2024-11-14 10:26:53 Info: [WORKER PID: 2580][prio] - starting to process background jobs...
2024-11-14 10:26:53 Info: [WORKER PID: 2576][prio] - starting to process background jobs...
2024-11-14 10:26:53 Info: [WORKER PID: 2556][prio] - starting to process background jobs...
2024-11-14 10:26:53 Info: [WORKER PID: 2534][cache] - starting to process background jobs...
2024-11-14 10:26:53 Info: [WORKER PID: 2581][prio] - starting to process background jobs...
2024-11-14 10:27:08 Info: [WORKER PID: 3196][cache] - starting to process background jobs...
2024-11-14 10:27:08 Info: [WORKER PID: 3180][default] - starting to process background jobs...
2024-11-14 10:27:08 Info: [WORKER PID: 3175][default] - starting to process background jobs...
2024-11-14 10:27:08 Info: [WORKER PID: 3295][email] - starting to process background jobs...
2024-11-14 10:27:08 Info: [WORKER PID: 3184][email] - starting to process background jobs...
2024-11-14 10:27:08 Info: [WORKER PID: 3287][email] - starting to process background jobs...
2024-11-14 10:27:08 Info: [WORKER PID: 3199][cache] - starting to process background jobs...
2024-11-14 10:27:08 Info: [WORKER PID: 3181][email] - starting to process background jobs...
2024-11-14 10:27:08 Info: [WORKER PID: 3183][email] - starting to process background jobs...
2024-11-14 10:27:08 Info: [WORKER PID: 3269][prio] - starting to process background jobs...
2024-11-14 10:27:08 Info: [WORKER PID: 3192][cache] - starting to process background jobs...
2024-11-14 10:27:08 Info: [WORKER PID: 3191][cache] - starting to process background jobs...
2024-11-14 10:27:08 Info: [WORKER PID: 3176][default] - starting to process background jobs...
2024-11-14 10:27:08 Info: [WORKER PID: 3281][default] - starting to process background jobs...
2024-11-14 10:27:08 Info: [WORKER PID: 3252][prio] - starting to process background jobs...
2024-11-14 10:27:08 Info: [WORKER PID: 3259][prio] - starting to process background jobs...
2024-11-14 10:27:08 Info: [WORKER PID: 3301][update] - starting to process background jobs...
2024-11-14 10:27:08 Info: [WORKER PID: 3190][cache] - starting to process background jobs...
2024-11-14 10:27:08 Info: [WORKER PID: 3210][prio] - starting to process background jobs...
2024-11-14 10:27:09 Info: [WORKER PID: 3237][prio] - starting to process background jobs...
2024-11-14 10:27:09 Info: [WORKER PID: 3274][default] - starting to process background jobs...
2024-11-14 10:27:34 Info: [WORKER PID: 1801][default] - starting to process background jobs...
2024-11-14 10:27:34 Info: [WORKER PID: 1803][default] - starting to process background jobs...
2024-11-14 10:27:34 Info: [WORKER PID: 1797][default] - starting to process background jobs...
2024-11-14 10:27:34 Info: [WORKER PID: 1819][email] - starting to process background jobs...
2024-11-14 10:27:34 Info: [WORKER PID: 1830][email] - starting to process background jobs...
2024-11-14 10:27:34 Info: [WORKER PID: 1798][default] - starting to process background jobs...
2024-11-14 10:27:34 Info: [WORKER PID: 1848][cache] - starting to process background jobs...
2024-11-14 10:27:34 Info: [WORKER PID: 1849][cache] - starting to process background jobs...
2024-11-14 10:27:34 Info: [WORKER PID: 1824][email] - starting to process background jobs...
2024-11-14 10:27:34 Info: [WORKER PID: 1810][default] - starting to process background jobs...
2024-11-14 10:27:34 Info: [WORKER PID: 1833][email] - starting to process background jobs...
2024-11-14 10:27:34 Info: [WORKER PID: 1869][cache] - starting to process background jobs...
2024-11-14 10:27:34 Info: [WORKER PID: 1836][email] - starting to process background jobs...
2024-11-14 10:27:34 Info: [WORKER PID: 1838][cache] - starting to process background jobs...
2024-11-14 10:27:34 Info: [WORKER PID: 1873][prio] - starting to process background jobs...
2024-11-14 10:27:34 Info: [WORKER PID: 1915][update] - starting to process background jobs...
2024-11-14 10:27:34 Info: [WORKER PID: 1881][prio] - starting to process background jobs...
2024-11-14 10:27:34 Info: [WORKER PID: 1902][prio] - starting to process background jobs...
2024-11-14 10:27:34 Info: [WORKER PID: 1889][prio] - starting to process background jobs...
2024-11-14 10:27:34 Info: [WORKER PID: 1911][prio] - starting to process background jobs...
2024-11-14 10:27:34 Info: [WORKER PID: 1857][cache] - starting to process background jobs...
2024-11-14 10:28:54 Info: Browscap - building new cache from browscap.ini file.
2024-11-14 11:21:03 Info: Browscap - building new cache from browscap.ini file.
2024-11-14 14:12:35 Info: [WORKER PID: 1887][cache] - starting to process background jobs...
2024-11-14 14:12:35 Info: [WORKER PID: 1829][email] - starting to process background jobs...
2024-11-14 14:12:35 Info: [WORKER PID: 1809][default] - starting to process background jobs...
2024-11-14 14:12:35 Info: [WORKER PID: 1861][cache] - starting to process background jobs...
2024-11-14 14:12:35 Info: [WORKER PID: 1823][default] - starting to process background jobs...
2024-11-14 14:12:35 Info: [WORKER PID: 1835][email] - starting to process background jobs...
2024-11-14 14:12:35 Info: [WORKER PID: 1898][cache] - starting to process background jobs...
2024-11-14 14:12:35 Info: [WORKER PID: 1904][prio] - starting to process background jobs...
2024-11-14 14:12:36 Info: [WORKER PID: 1825][default] - starting to process background jobs...
2024-11-14 14:12:36 Info: [WORKER PID: 1903][cache] - starting to process background jobs...
2024-11-14 14:12:37 Info: [WORKER PID: 1866][cache] - starting to process background jobs...
2024-11-14 14:12:37 Info: [WORKER PID: 1907][prio] - starting to process background jobs...
2024-11-14 14:12:37 Info: [WORKER PID: 1812][default] - starting to process background jobs...
2024-11-14 14:12:37 Info: [WORKER PID: 1939][prio] - starting to process background jobs...
2024-11-14 14:12:37 Info: [WORKER PID: 1827][email] - starting to process background jobs...
2024-11-14 14:12:37 Info: [WORKER PID: 1912][prio] - starting to process background jobs...
2024-11-14 14:12:37 Info: [WORKER PID: 1934][prio] - starting to process background jobs...
2024-11-14 14:12:37 Info: [WORKER PID: 1847][email] - starting to process background jobs...
2024-11-14 14:12:37 Info: [WORKER PID: 1810][default] - starting to process background jobs...
2024-11-14 14:12:37 Info: [WORKER PID: 1832][email] - starting to process background jobs...
2024-11-14 14:12:37 Info: [WORKER PID: 1947][update] - starting to process background jobs...
2024-11-14 14:16:09 Info: [WORKER PID: 1827][email] - starting to process background jobs...
2024-11-14 14:16:09 Info: [WORKER PID: 1834][email] - starting to process background jobs...
2024-11-14 14:16:09 Info: [WORKER PID: 1818][default] - starting to process background jobs...
2024-11-14 14:16:09 Info: [WORKER PID: 1839][email] - starting to process background jobs...
2024-11-14 14:16:10 Info: [WORKER PID: 1820][default] - starting to process background jobs...
2024-11-14 14:16:10 Info: [WORKER PID: 1906][prio] - starting to process background jobs...
2024-11-14 14:16:10 Info: [WORKER PID: 1825][email] - starting to process background jobs...
2024-11-14 14:16:10 Info: [WORKER PID: 1930][update] - starting to process background jobs...
2024-11-14 14:16:10 Info: [WORKER PID: 1913][prio] - starting to process background jobs...
2024-11-14 14:16:10 Info: [WORKER PID: 1919][prio] - starting to process background jobs...
2024-11-14 14:16:10 Info: [WORKER PID: 1816][default] - starting to process background jobs...
2024-11-14 14:16:10 Info: [WORKER PID: 1891][cache] - starting to process background jobs...
2024-11-14 14:16:10 Info: [WORKER PID: 1817][default] - starting to process background jobs...
2024-11-14 14:16:10 Info: [WORKER PID: 1859][cache] - starting to process background jobs...
2024-11-14 14:16:10 Info: [WORKER PID: 1824][default] - starting to process background jobs...
2024-11-14 14:16:10 Info: [WORKER PID: 1925][prio] - starting to process background jobs...
2024-11-14 14:16:10 Info: [WORKER PID: 1866][cache] - starting to process background jobs...
2024-11-14 14:16:10 Info: [WORKER PID: 1882][cache] - starting to process background jobs...
2024-11-14 14:16:10 Info: [WORKER PID: 1902][cache] - starting to process background jobs...
2024-11-14 14:16:10 Info: [WORKER PID: 1845][email] - starting to process background jobs...
2024-11-14 14:16:10 Info: [WORKER PID: 1928][prio] - starting to process background jobs...
2024-11-14 14:16:55 Info: Browscap - building new cache from browscap.ini file.
2024-11-15 03:50:21 Info: [WORKER PID: 1929][email] - starting to process background jobs...
2024-11-15 03:50:21 Info: [WORKER PID: 1926][default] - starting to process background jobs...
2024-11-15 03:50:21 Info: [WORKER PID: 1956][cache] - starting to process background jobs...
2024-11-15 03:50:21 Info: [WORKER PID: 1930][email] - starting to process background jobs...
2024-11-15 03:50:21 Info: [WORKER PID: 1951][cache] - starting to process background jobs...
2024-11-15 03:50:21 Info: [WORKER PID: 1937][email] - starting to process background jobs...
2024-11-15 03:50:21 Info: [WORKER PID: 1947][cache] - starting to process background jobs...
2024-11-15 03:50:21 Info: [WORKER PID: 1944][cache] - starting to process background jobs...
2024-11-15 03:50:21 Info: [WORKER PID: 1965][prio] - starting to process background jobs...
2024-11-15 03:50:21 Info: [WORKER PID: 1960][cache] - starting to process background jobs...
2024-11-15 03:50:21 Info: [WORKER PID: 1927][default] - starting to process background jobs...
2024-11-15 03:50:21 Info: [WORKER PID: 1977][prio] - starting to process background jobs...
2024-11-15 03:50:21 Info: [WORKER PID: 1974][prio] - starting to process background jobs...
2024-11-15 03:50:21 Info: [WORKER PID: 1969][prio] - starting to process background jobs...
2024-11-15 03:50:21 Info: [WORKER PID: 1973][prio] - starting to process background jobs...
2024-11-15 03:50:21 Info: [WORKER PID: 1934][email] - starting to process background jobs...
2024-11-15 03:50:21 Info: [WORKER PID: 1925][default] - starting to process background jobs...
2024-11-15 03:50:21 Info: [WORKER PID: 1980][update] - starting to process background jobs...
2024-11-15 03:50:21 Info: [WORKER PID: 1928][default] - starting to process background jobs...
2024-11-15 03:50:21 Info: [WORKER PID: 1924][default] - starting to process background jobs...
2024-11-15 03:50:21 Info: [WORKER PID: 1932][email] - starting to process background jobs...
2024-11-15 04:01:01 Info: [WORKER PID: 1877][email] - starting to process background jobs...
2024-11-15 04:01:01 Info: [WORKER PID: 1890][email] - starting to process background jobs...
2024-11-15 04:01:01 Info: [WORKER PID: 1971][prio] - starting to process background jobs...
2024-11-15 04:01:01 Info: [WORKER PID: 1873][default] - starting to process background jobs...
2024-11-15 04:01:02 Info: [WORKER PID: 1968][cache] - starting to process background jobs...
2024-11-15 04:01:02 Info: [WORKER PID: 1875][default] - starting to process background jobs...
2024-11-15 04:01:02 Info: [WORKER PID: 1997][prio] - starting to process background jobs...
2024-11-15 04:01:02 Info: [WORKER PID: 1876][email] - starting to process background jobs...
2024-11-15 04:01:02 Info: [WORKER PID: 1980][prio] - starting to process background jobs...
2024-11-15 04:01:02 Info: [WORKER PID: 1969][cache] - starting to process background jobs...
2024-11-15 04:01:02 Info: [WORKER PID: 1959][cache] - starting to process background jobs...
2024-11-15 04:01:02 Info: [WORKER PID: 1880][email] - starting to process background jobs...
2024-11-15 04:01:02 Info: [WORKER PID: 1872][default] - starting to process background jobs...
2024-11-15 04:01:02 Info: [WORKER PID: 1881][email] - starting to process background jobs...
2024-11-15 04:01:02 Info: [WORKER PID: 1874][default] - starting to process background jobs...
2024-11-15 04:01:02 Info: [WORKER PID: 1916][cache] - starting to process background jobs...
2024-11-15 04:01:02 Info: [WORKER PID: 1871][default] - starting to process background jobs...
2024-11-15 04:01:02 Info: [WORKER PID: 1903][cache] - starting to process background jobs...
2024-11-15 04:01:02 Info: [WORKER PID: 1970][prio] - starting to process background jobs...
2024-11-15 04:01:02 Info: [WORKER PID: 2013][prio] - starting to process background jobs...
2024-11-15 04:01:02 Info: [WORKER PID: 2018][update] - starting to process background jobs...
2024-11-15 13:12:29 Info: [WORKER PID: 1830][default] - starting to process background jobs...
2024-11-15 13:12:29 Info: [WORKER PID: 1829][default] - starting to process background jobs...
2024-11-15 13:12:29 Info: [WORKER PID: 1863][cache] - starting to process background jobs...
2024-11-15 13:12:29 Info: [WORKER PID: 1877][cache] - starting to process background jobs...
2024-11-15 13:12:29 Info: [WORKER PID: 1836][email] - starting to process background jobs...
2024-11-15 13:12:29 Info: [WORKER PID: 1809][default] - starting to process background jobs...
2024-11-15 13:12:29 Info: [WORKER PID: 1832][email] - starting to process background jobs...
2024-11-15 13:12:29 Info: [WORKER PID: 1869][cache] - starting to process background jobs...
2024-11-15 13:12:29 Info: [WORKER PID: 1886][cache] - starting to process background jobs...
2024-11-15 13:12:29 Info: [WORKER PID: 1853][email] - starting to process background jobs...
2024-11-15 13:12:29 Info: [WORKER PID: 1839][email] - starting to process background jobs...
2024-11-15 13:12:30 Info: [WORKER PID: 1948][prio] - starting to process background jobs...
2024-11-15 13:12:30 Info: [WORKER PID: 1961][prio] - starting to process background jobs...
2024-11-15 13:12:30 Info: [WORKER PID: 1823][default] - starting to process background jobs...
2024-11-15 13:12:30 Info: [WORKER PID: 1845][email] - starting to process background jobs...
2024-11-15 13:12:30 Info: [WORKER PID: 1963][update] - starting to process background jobs...
2024-11-15 13:12:30 Info: [WORKER PID: 1883][cache] - starting to process background jobs...
2024-11-15 13:12:30 Info: [WORKER PID: 1915][prio] - starting to process background jobs...
2024-11-15 13:12:30 Info: [WORKER PID: 1931][prio] - starting to process background jobs...
2024-11-15 13:12:30 Info: [WORKER PID: 1815][default] - starting to process background jobs...
2024-11-15 13:12:30 Info: [WORKER PID: 1933][prio] - starting to process background jobs...
2024-11-15 13:13:07 Info: Browscap - building new cache from browscap.ini file.
2024-11-18 13:21:03 Info: [WORKER PID: 1851][default] - starting to process background jobs...
2024-11-18 13:21:03 Info: [WORKER PID: 1863][email] - starting to process background jobs...
2024-11-18 13:21:03 Info: [WORKER PID: 1853][default] - starting to process background jobs...
2024-11-18 13:21:03 Info: [WORKER PID: 1876][cache] - starting to process background jobs...
2024-11-18 13:21:03 Info: [WORKER PID: 1898][prio] - starting to process background jobs...
2024-11-18 13:21:03 Info: [WORKER PID: 1891][cache] - starting to process background jobs...
2024-11-18 13:21:03 Info: [WORKER PID: 1862][email] - starting to process background jobs...
2024-11-18 13:21:03 Info: [WORKER PID: 1953][prio] - starting to process background jobs...
2024-11-18 13:21:03 Info: [WORKER PID: 1854][default] - starting to process background jobs...
2024-11-18 13:21:03 Info: [WORKER PID: 1969][prio] - starting to process background jobs...
2024-11-18 13:21:03 Info: [WORKER PID: 1895][cache] - starting to process background jobs...
2024-11-18 13:21:03 Info: [WORKER PID: 1885][cache] - starting to process background jobs...
2024-11-18 13:21:03 Info: [WORKER PID: 1978][update] - starting to process background jobs...
2024-11-18 13:21:03 Info: [WORKER PID: 1932][prio] - starting to process background jobs...
2024-11-18 13:21:03 Info: [WORKER PID: 1866][email] - starting to process background jobs...
2024-11-18 13:21:03 Info: [WORKER PID: 1968][prio] - starting to process background jobs...
2024-11-18 13:21:03 Info: [WORKER PID: 1852][default] - starting to process background jobs...
2024-11-18 13:21:03 Info: [WORKER PID: 1878][cache] - starting to process background jobs...
2024-11-18 13:21:03 Info: [WORKER PID: 1865][email] - starting to process background jobs...
2024-11-18 13:21:03 Info: [WORKER PID: 1872][email] - starting to process background jobs...
2024-11-18 13:21:03 Info: [WORKER PID: 1855][default] - starting to process background jobs...
2024-11-23 04:32:33 Info: [WORKER PID: 1814][default] - starting to process background jobs...
2024-11-23 04:32:33 Info: [WORKER PID: 1829][email] - starting to process background jobs...
2024-11-23 04:32:33 Info: [WORKER PID: 1821][default] - starting to process background jobs...
2024-11-23 04:32:33 Info: [WORKER PID: 1826][default] - starting to process background jobs...
2024-11-23 04:32:33 Info: [WORKER PID: 1815][default] - starting to process background jobs...
2024-11-23 04:32:33 Info: [WORKER PID: 1861][email] - starting to process background jobs...
2024-11-23 04:32:33 Info: [WORKER PID: 1819][default] - starting to process background jobs...
2024-11-23 04:32:33 Info: [WORKER PID: 1888][cache] - starting to process background jobs...
2024-11-23 04:32:33 Info: [WORKER PID: 1838][email] - starting to process background jobs...
2024-11-23 04:32:33 Info: [WORKER PID: 1858][email] - starting to process background jobs...
2024-11-23 04:32:33 Info: [WORKER PID: 1879][cache] - starting to process background jobs...
2024-11-23 04:32:33 Info: [WORKER PID: 1871][cache] - starting to process background jobs...
2024-11-23 04:32:33 Info: [WORKER PID: 1921][prio] - starting to process background jobs...
2024-11-23 04:32:33 Info: [WORKER PID: 1909][prio] - starting to process background jobs...
2024-11-23 04:32:33 Info: [WORKER PID: 1867][cache] - starting to process background jobs...
2024-11-23 04:32:33 Info: [WORKER PID: 1894][cache] - starting to process background jobs...
2024-11-23 04:32:33 Info: [WORKER PID: 1847][email] - starting to process background jobs...
2024-11-23 04:32:33 Info: [WORKER PID: 1913][prio] - starting to process background jobs...
2024-11-23 04:32:33 Info: [WORKER PID: 1929][prio] - starting to process background jobs...
2024-11-23 04:32:33 Info: [WORKER PID: 1930][update] - starting to process background jobs...
2024-11-23 04:32:34 Info: [WORKER PID: 1918][prio] - starting to process background jobs...
2024-11-23 04:37:26 Info: Browscap - building new cache from browscap.ini file.
